02 Oct 2015 02:32:57,606 ERROR  [main] Admin:38 - Connection not activated...
java.lang.Exception: Connection not activated...
	at factorySQL.DAO_Factory.getProfessorDAO(DAO_Factory.java:59) ~[classes/:?]
	at factorySQL.Admin.addProfessor(Admin.java:33) ~[classes/:?]
	at factorySQL.Main.main(Main.java:60) ~[classes/:?]
02 Oct 2015 02:34:42,362 ERROR  [main] Admin:38 - Connection not activated...
java.lang.Exception: Connection not activated...
	at factorySQL.DAO_Factory.getProfessorDAO(DAO_Factory.java:59) ~[classes/:?]
	at factorySQL.Admin.addProfessor(Admin.java:33) ~[classes/:?]
	at factorySQL.Main.main(Main.java:62) ~[classes/:?]
02 Oct 2015 02:41:06,739 ERROR  [main] Admin:38 - Connection not activated...
java.lang.Exception: Connection not activated...
	at factorySQL.DAO_Factory.getProfessorDAO(DAO_Factory.java:59) ~[classes/:?]
	at factorySQL.Admin.addProfessor(Admin.java:33) ~[classes/:?]
	at factorySQL.Main.main(Main.java:66) ~[classes/:?]
02 Oct 2015 02:45:05,144  INFO  [main] ProfessorDAO_JDBC:33 - ProfessorLALA has been added successfully!
02 Oct 2015 02:46:34,315  INFO  [main] ProfessorDAO_JDBC:33 - ProfessorDada has been added successfully!
02 Oct 2015 03:08:46,393  INFO  [main] ProfessorDAO_JDBC:33 - Professormama has been added successfully!
02 Oct 2015 03:09:08,615  INFO  [main] CourseDAO_JDBC:31 - Course dp has been added
02 Oct 2015 03:09:42,424  INFO  [main] StudentDAO_JDBC:35 - Student Successfully added
02 Oct 2015 03:09:42,515 ERROR  [main] Admin:31 - For input string: "1=50.0"
java.lang.NumberFormatException: For input string: "1=50.0"
	at java.lang.NumberFormatException.forInputString(NumberFormatException.java:65) ~[?:1.7.0_79]
	at java.lang.Integer.parseInt(Integer.java:492) ~[?:1.7.0_79]
	at java.lang.Integer.parseInt(Integer.java:527) ~[?:1.7.0_79]
	at factorySQL.StudentDAO_JDBC.addStudent(StudentDAO_JDBC.java:44) ~[classes/:?]
	at factorySQL.Admin.addStudent(Admin.java:25) ~[classes/:?]
	at factorySQL.Main.main(Main.java:56) ~[classes/:?]
02 Oct 2015 03:11:58,244  INFO  [main] StudentDAO_JDBC:35 - Student Successfully added
02 Oct 2015 03:11:58,340 ERROR  [main] Admin:31 - For input string: "1=50.0"
java.lang.NumberFormatException: For input string: "1=50.0"
	at java.lang.NumberFormatException.forInputString(NumberFormatException.java:65) ~[?:1.7.0_79]
	at java.lang.Integer.parseInt(Integer.java:492) ~[?:1.7.0_79]
	at java.lang.Integer.parseInt(Integer.java:527) ~[?:1.7.0_79]
	at factorySQL.StudentDAO_JDBC.addStudent(StudentDAO_JDBC.java:44) ~[classes/:?]
	at factorySQL.Admin.addStudent(Admin.java:25) ~[classes/:?]
	at factorySQL.Main.main(Main.java:56) ~[classes/:?]
02 Oct 2015 03:14:19,119  INFO  [main] StudentDAO_JDBC:35 - Student Successfully added
02 Oct 2015 03:14:19,276 ERROR  [main] Admin:31 - For input string: "1=100.0"
java.lang.NumberFormatException: For input string: "1=100.0"
	at java.lang.NumberFormatException.forInputString(NumberFormatException.java:65) ~[?:1.7.0_79]
	at java.lang.Integer.parseInt(Integer.java:492) ~[?:1.7.0_79]
	at java.lang.Integer.parseInt(Integer.java:527) ~[?:1.7.0_79]
	at factorySQL.StudentDAO_JDBC.addStudent(StudentDAO_JDBC.java:46) ~[classes/:?]
	at factorySQL.Admin.addStudent(Admin.java:25) ~[classes/:?]
	at factorySQL.Main.main(Main.java:56) ~[classes/:?]
02 Oct 2015 03:17:10,184  INFO  [main] StudentDAO_JDBC:36 - Student Successfully added
02 Oct 2015 03:17:10,277 ERROR  [main] Admin:31 - For input string: "1=100.0"
java.lang.NumberFormatException: For input string: "1=100.0"
	at java.lang.NumberFormatException.forInputString(NumberFormatException.java:65) ~[?:1.7.0_79]
	at java.lang.Integer.parseInt(Integer.java:492) ~[?:1.7.0_79]
	at java.lang.Integer.parseInt(Integer.java:527) ~[?:1.7.0_79]
	at factorySQL.StudentDAO_JDBC.addStudent(StudentDAO_JDBC.java:47) ~[classes/:?]
	at factorySQL.Admin.addStudent(Admin.java:25) ~[classes/:?]
	at factorySQL.Main.main(Main.java:56) ~[classes/:?]
02 Oct 2015 03:18:39,884  INFO  [main] StudentDAO_JDBC:36 - Student Successfully added
